<?xml version="1.0" encoding="UTF-8"?>
<!-- Generated by org.testng.reporters.JUnitReportReporter -->
<testsuite hostname="LTIN520476" failures="0" tests="5" name="testCases.TC_003_Login" time="94.297" errors="0" timestamp="2024-04-07T13:14:22 IST" skipped="0">
  <testcase classname="testCases.TC_003_Login" name="navigateToHomePage" time="8.695"/>
  <testcase classname="testCases.TC_003_Login" name="clickOnLogin" time="0.476"/>
  <testcase classname="testCases.TC_003_Login" name="driverSwitchToGoogle" time="3.346"/>
  <testcase classname="testCases.TC_003_Login" name="enteringInvalidEmail" time="40.482"/>
  <testcase classname="testCases.TC_003_Login" name="enteringInvalidEmail" time="41.298"/>
</testsuite> <!-- testCases.TC_003_Login -->
