<?xml version="1.0" encoding="UTF-8"?>
<!-- Generated by org.testng.reporters.JUnitReportReporter -->
<testsuite hostname="LTIN520476" failures="0" tests="3" name="testCases.TC_002_CarDetails" time="7.687" errors="0" timestamp="2024-04-07T13:14:22 IST" skipped="0">
  <testcase classname="testCases.TC_002_CarDetails" name="moveToUsedCars" time="2.216"/>
  <testcase classname="testCases.TC_002_CarDetails" name="selectCity" time="5.301"/>
  <testcase classname="testCases.TC_002_CarDetails" name="popularCars" time="0.170"/>
</testsuite> <!-- testCases.TC_002_CarDetails -->
