<?xml version="1.0" encoding="UTF-8"?>
<!-- Generated by org.testng.reporters.JUnitReportReporter -->
<testsuite hostname="LTIN520476" failures="0" tests="4" name="testCases.TC_001_BikeDetails" time="7.047" errors="0" timestamp="2024-04-07T13:14:22 IST" skipped="0">
  <testcase classname="testCases.TC_001_BikeDetails" name="clickOnNewBikes" time="0.938"/>
  <testcase classname="testCases.TC_001_BikeDetails" name="clickOnUpcomingBikes" time="1.917"/>
  <testcase classname="testCases.TC_001_BikeDetails" name="selectHondaBikes" time="1.870"/>
  <testcase classname="testCases.TC_001_BikeDetails" name="hondaUpcomingBikes" time="2.322"/>
</testsuite> <!-- testCases.TC_001_BikeDetails -->
